Using pre-set license
Built from '2021.3/staging' branch; Version is '2021.3.22f1 (b6c551784ba3) revision 11978065'; Using compiler version '192829333'; Build Type 'Release'
OS: 'Windows 10  (10.0.19044) 64bit Professional' Language: 'fr' Physical Memory: 16286 MB
BatchMode: 1, IsHumanControllingUs: 0, StartBugReporterOnCrash: 0, Is64bit: 1, IsPro: 1

COMMAND LINE ARGUMENTS:
D:\Programmes\Unity\Editor\2021.3.22f1\Editor\Unity.exe
-adb2
-batchMode
-noUpm
-name
AssetImportWorker2
-projectPath
C:/Users/melod/Desktop/A&M/EscapeLab
-logFile
Logs/AssetImportWorker2.log
-srvPort
57155
Successfully changed project path to: C:/Users/melod/Desktop/A&M/EscapeLab
C:/Users/melod/Desktop/A&M/EscapeLab
[UnityMemory] Configuration Parameters - Can be set up in boot.config
    "memorysetup-bucket-allocator-granularity=16"
    "memorysetup-bucket-allocator-bucket-count=8"
    "memorysetup-bucket-allocator-block-size=33554432"
    "memorysetup-bucket-allocator-block-count=8"
    "memorysetup-main-allocator-block-size=16777216"
    "memorysetup-thread-allocator-block-size=16777216"
    "memorysetup-gfx-main-allocator-block-size=16777216"
    "memorysetup-gfx-thread-allocator-block-size=16777216"
    "memorysetup-cache-allocator-block-size=4194304"
    "memorysetup-typetree-allocator-block-size=2097152"
    "memorysetup-profiler-bucket-allocator-granularity=16"
    "memorysetup-profiler-bucket-allocator-bucket-count=8"
    "memorysetup-profiler-bucket-allocator-block-size=33554432"
    "memorysetup-profiler-bucket-allocator-block-count=8"
    "memorysetup-profiler-allocator-block-size=16777216"
    "memorysetup-profiler-editor-allocator-block-size=1048576"
    "memorysetup-temp-allocator-size-main=16777216"
    "memorysetup-job-temp-allocator-block-size=2097152"
    "memorysetup-job-temp-allocator-block-size-background=1048576"
    "memorysetup-job-temp-allocator-reduction-small-platforms=262144"
    "memorysetup-temp-allocator-size-background-worker=32768"
    "memorysetup-temp-allocator-size-job-worker=262144"
    "memorysetup-temp-allocator-size-preload-manager=33554432"
    "memorysetup-temp-allocator-size-nav-mesh-worker=65536"
    "memorysetup-temp-allocator-size-audio-worker=65536"
    "memorysetup-temp-allocator-size-cloud-worker=32768"
    "memorysetup-temp-allocator-size-gi-baking-worker=262144"
    "memorysetup-temp-allocator-size-gfx=262144"
Unable to join player connection multicast group (err: 10013).
Player connection [22992] Host "[IP] 192.168.1.71 [Port] 0 [Flags] 2 [Guid] 1889049267 [EditorId] 1889049267 [Version] 1048832 [Id] WindowsEditor(7,DESKTOP-TSRV9G3) [Debug] 1 [PackageName] WindowsEditor [ProjectName] Editor" joined alternative multi-casting on [225.0.0.222:34997]...

Refreshing native plugins compatible for Editor in 102.37 ms, found 3 plugins.
Preloading 0 native plugins for Editor in 0.00 ms.
Initialize engine version: 2021.3.22f1 (b6c551784ba3)
[Subsystems] Discovering subsystems at path D:/Programmes/Unity/Editor/2021.3.22f1/Editor/Data/Resources/UnitySubsystems
[Subsystems] Discovering subsystems at path C:/Users/melod/Desktop/A&M/EscapeLab/Assets
GfxDevice: creating device client; threaded=0; jobified=0
Direct3D:
    Version:  Direct3D 11.0 [level 11.1]
    Renderer: NVIDIA GeForce RTX 3060 Ti (ID=0x2489)
    Vendor:   NVIDIA
    VRAM:     8038 MB
    Driver:   31.0.15.3141
Initialize mono
Mono path[0] = 'D:/Programmes/Unity/Editor/2021.3.22f1/Editor/Data/Managed'
Mono path[1] = 'D:/Programmes/Unity/Editor/2021.3.22f1/Editor/Data/MonoBleedingEdge/lib/mono/unityjit-win32'
Mono config path = 'D:/Programmes/Unity/Editor/2021.3.22f1/Editor/Data/MonoBleedingEdge/etc'
Using monoOptions --debugger-agent=transport=dt_socket,embedding=1,server=y,suspend=n,address=127.0.0.1:56876
Begin MonoManager ReloadAssembly
Registering precompiled unity dll's ...
Register platform support module: D:/Programmes/Unity/Editor/2021.3.22f1/Editor/Data/PlaybackEngines/WindowsStandaloneSupport/UnityEditor.WindowsStandalone.Extensions.dll
Registered in 0.002742 seconds.
Native extension for WindowsStandalone target not found
Refreshing native plugins compatible for Editor in 105.22 ms, found 3 plugins.
Preloading 0 native plugins for Editor in 0.00 ms.
Mono: successfully reloaded assembly
- Completed reload, in  0.633 seconds
Domain Reload Profiling:
	ReloadAssembly (634ms)
		BeginReloadAssembly (70ms)
			ExecutionOrderSort (0ms)
			DisableScriptedObjects (0ms)
			BackupInstance (0ms)
			ReleaseScriptingObjects (0ms)
			CreateAndSetChildDomain (1ms)
		EndReloadAssembly (483ms)
			LoadAssemblies (69ms)
			RebuildTransferFunctionScriptingTraits (0ms)
			SetupTypeCache (97ms)
			ReleaseScriptCaches (0ms)
			RebuildScriptCaches (25ms)
			SetupLoadedEditorAssemblies (318ms)
				LogAssemblyErrors (0ms)
				InitializePlatformSupportModulesInManaged (6ms)
				SetLoadedEditorAssemblies (0ms)
				RefreshPlugins (105ms)
				BeforeProcessingInitializeOnLoad (1ms)
				ProcessInitializeOnLoadAttributes (160ms)
				ProcessInitializeOnLoadMethodAttributes (44ms)
				AfterProcessingInitializeOnLoad (0ms)
				EditorAssembliesLoaded (0ms)
			ExecutionOrderSort2 (0ms)
			AwakeInstancesAfterBackupRestoration (0ms)
Platform modules already initialized, skipping
Registering precompiled user dll's ...
Registered in 0.005985 seconds.
Begin MonoManager ReloadAssembly
Symbol file LoadedFromMemory doesn't match image C:\Users\melod\Desktop\A&M\EscapeLab\Library\PackageCache\com.unity.visualscripting@1.8.0\Editor\VisualScripting.Core\Dependencies\YamlDotNet\Unity.VisualScripting.YamlDotNet.dll
Symbol file LoadedFromMemory doesn't match image C:\Users\melod\Desktop\A&M\EscapeLab\Library\PackageCache\com.unity.visualscripting@1.8.0\Editor\VisualScripting.Core\Dependencies\DotNetZip\Unity.VisualScripting.IonicZip.dll
Native extension for WindowsStandalone target not found
Refreshing native plugins compatible for Editor in 94.91 ms, found 3 plugins.
Preloading 0 native plugins for Editor in 0.00 ms.
Mono: successfully reloaded assembly
- Completed reload, in  1.209 seconds
Domain Reload Profiling:
	ReloadAssembly (1210ms)
		BeginReloadAssembly (101ms)
			ExecutionOrderSort (0ms)
			DisableScriptedObjects (5ms)
			BackupInstance (0ms)
			ReleaseScriptingObjects (0ms)
			CreateAndSetChildDomain (19ms)
		EndReloadAssembly (1005ms)
			LoadAssemblies (109ms)
			RebuildTransferFunctionScriptingTraits (0ms)
			SetupTypeCache (326ms)
			ReleaseScriptCaches (1ms)
			RebuildScriptCaches (60ms)
			SetupLoadedEditorAssemblies (477ms)
				LogAssemblyErrors (0ms)
				InitializePlatformSupportModulesInManaged (3ms)
				SetLoadedEditorAssemblies (0ms)
				RefreshPlugins (95ms)
				BeforeProcessingInitializeOnLoad (97ms)
				ProcessInitializeOnLoadAttributes (216ms)
				ProcessInitializeOnLoadMethodAttributes (64ms)
				AfterProcessingInitializeOnLoad (2ms)
				EditorAssembliesLoaded (0ms)
			ExecutionOrderSort2 (0ms)
			AwakeInstancesAfterBackupRestoration (6ms)
Platform modules already initialized, skipping
========================================================================
Worker process is ready to serve import requests
Launched and connected shader compiler UnityShaderCompiler.exe after 0.04 seconds
Refreshing native plugins compatible for Editor in 0.85 ms, found 3 plugins.
Preloading 0 native plugins for Editor in 0.00 ms.
Unloading 4795 Unused Serialized files (Serialized files now loaded: 0)
Unloading 34 unused Assets / (0.8 MB). Loaded Objects now: 5247.
Memory consumption went from 190.5 MB to 189.7 MB.
Total: 3.575600 ms (FindLiveObjects: 0.446400 ms CreateObjectMapping: 0.134700 ms MarkObjects: 2.595400 ms  DeleteObjects: 0.398100 ms)

AssetImportParameters requested are different than current active one (requested -> active):
  custom:video-decoder-ogg-theora: a1e56fd34408186e4bbccfd4996cb3dc -> 
  custom:container-muxer-webm: aa71ff27fc2769a1b78a27578f13a17b -> 
  custom:container-demuxer-webm: 4f35f7cbe854078d1ac9338744f61a02 -> 
  custom:video-encoder-webm-vp8: eb34c28f22e8b96e1ab97ce403110664 -> 
  custom:audio-encoder-webm-vorbis: bf7c407c2cedff20999df2af8eb42d56 -> 
  custom:framework-win-MediaFoundation: 216162199b28c13a410421893ffa2e32 -> 
  custom:container-demuxer-ogg: 62fdf1f143b41e24485cea50d1cbac27 -> 
  custom:video-decoder-webm-vp8: 9c59270c3fd7afecdb556c50c9e8de78 -> 
  custom:audio-decoder-ogg-vorbis: bf7c407c2cedff20999df2af8eb42d56 -> 
========================================================================
Received Import Request.
  Time since last request: 170794.213993 seconds.
  path: Packages/com.unity.render-pipelines.universal/Tests
  artifactKey: Guid(90821e75f62bb9e4ea9d6111201e1d90) Importer(815301076,1909f56bfc062723c751e8b465ee728b)
Start importing Packages/com.unity.render-pipelines.universal/Tests using Guid(90821e75f62bb9e4ea9d6111201e1d90) Importer(815301076,1909f56bfc062723c751e8b465ee728b)  -> (artifact id: '4c80125e625dda87e72252801b6760f1') in 0.015081 seconds 
========================================================================
Received Import Request.
  Time since last request: 1.482549 seconds.
  path: Packages/com.unity.render-pipelines.universal/Tests/Runtime
  artifactKey: Guid(144dd1c434d67bc40adbcae6c42e6e6c) Importer(815301076,1909f56bfc062723c751e8b465ee728b)
Start importing Packages/com.unity.render-pipelines.universal/Tests/Runtime using Guid(144dd1c434d67bc40adbcae6c42e6e6c) Importer(815301076,1909f56bfc062723c751e8b465ee728b)  -> (artifact id: '38f678eab67479570637fcd5a13c7db2') in 0.002465 seconds 
========================================================================
Received Import Request.
  Time since last request: 0.116501 seconds.
  path: Packages/com.unity.render-pipelines.universal/Tests/Runtime/Unity.RenderPipelines.Universal.Runtime.Tests.asmdef
  artifactKey: Guid(bc3b0daec27db604caf7fec37e54bf6d) Importer(815301076,1909f56bfc062723c751e8b465ee728b)
Start importing Packages/com.unity.render-pipelines.universal/Tests/Runtime/Unity.RenderPipelines.Universal.Runtime.Tests.asmdef using Guid(bc3b0daec27db604caf7fec37e54bf6d) Importer(815301076,1909f56bfc062723c751e8b465ee728b)  -> (artifact id: '8bec74761458a8df1e5b8f3c67d89f85') in 0.015229 seconds 
========================================================================
Received Import Request.
  Time since last request: 1.604800 seconds.
  path: Packages/com.unity.render-pipelines.universal/Tests/Editor
  artifactKey: Guid(64cd425d88561ea488dfaf36cceaac01) Importer(815301076,1909f56bfc062723c751e8b465ee728b)
Start importing Packages/com.unity.render-pipelines.universal/Tests/Editor using Guid(64cd425d88561ea488dfaf36cceaac01) Importer(815301076,1909f56bfc062723c751e8b465ee728b)  -> (artifact id: '432858135b30c4eed64f0d3e4ef45082') in 0.002412 seconds 
========================================================================
Received Import Request.
  Time since last request: 0.057517 seconds.
  path: Packages/com.unity.render-pipelines.universal/Tests/Editor/Unity.RenderPipelines.Universal.Editor.Tests.asmdef
  artifactKey: Guid(36d514892e55d4340b470c29fcab8b44) Importer(815301076,1909f56bfc062723c751e8b465ee728b)
Start importing Packages/com.unity.render-pipelines.universal/Tests/Editor/Unity.RenderPipelines.Universal.Editor.Tests.asmdef using Guid(36d514892e55d4340b470c29fcab8b44) Importer(815301076,1909f56bfc062723c751e8b465ee728b)  -> (artifact id: '442d9c31839b24054926e938929b19e1') in 0.005885 seconds 
========================================================================
Received Import Request.
  Time since last request: 2.618101 seconds.
  path: Packages/com.unity.render-pipelines.universal/Textures
  artifactKey: Guid(6970e3730c799f44ab472c8aa6c4b431) Importer(815301076,1909f56bfc062723c751e8b465ee728b)
Start importing Packages/com.unity.render-pipelines.universal/Textures using Guid(6970e3730c799f44ab472c8aa6c4b431) Importer(815301076,1909f56bfc062723c751e8b465ee728b)  -> (artifact id: '058762cc521c0257c73afa38bc8271de') in 0.006353 seconds 
========================================================================
Received Import Request.
  Time since last request: 13.278275 seconds.
  path: Assets/Shaders/URP.shadergraph
  artifactKey: Guid(edb540225e38c3d46b7de2b90b84079f) Importer(815301076,1909f56bfc062723c751e8b465ee728b)
Start importing Assets/Shaders/URP.shadergraph using Guid(edb540225e38c3d46b7de2b90b84079f) Importer(815301076,1909f56bfc062723c751e8b465ee728b)  -> (artifact id: 'f42bbca10a232e74f2aeb89be2423d86') in 0.014037 seconds 
========================================================================
Received Import Request.
  Time since last request: 22.268628 seconds.
  path: Assets/Shaders/New Render Texture.renderTexture
  artifactKey: Guid(5f0efe4dacf44df448c0c97e5458e224) Importer(815301076,1909f56bfc062723c751e8b465ee728b)
Start importing Assets/Shaders/New Render Texture.renderTexture using Guid(5f0efe4dacf44df448c0c97e5458e224) Importer(815301076,1909f56bfc062723c751e8b465ee728b)  -> (artifact id: '5bd1fd5afa3b0dba4faa77883b125afe') in 0.059949 seconds 
========================================================================
Received Import Request.
  Time since last request: 26.158548 seconds.
  path: Assets/Shaders/NewShaderVariants.shadervariants
  artifactKey: Guid(d39f842bceaf0fe4696382c63da0c4fc) Importer(815301076,1909f56bfc062723c751e8b465ee728b)
Start importing Assets/Shaders/NewShaderVariants.shadervariants using Guid(d39f842bceaf0fe4696382c63da0c4fc) Importer(815301076,1909f56bfc062723c751e8b465ee728b)  -> (artifact id: '52fe076a2d765806345f945f88337db4') in 0.008732 seconds 
========================================================================
Received Import Request.
  Time since last request: 13.963894 seconds.
  path: Assets/Shaders/New Shader Graph.shadergraph
  artifactKey: Guid(34d8a23b8d6c1cd40bb20e9506412eab) Importer(815301076,1909f56bfc062723c751e8b465ee728b)
Start importing Assets/Shaders/New Shader Graph.shadergraph using Guid(34d8a23b8d6c1cd40bb20e9506412eab) Importer(815301076,1909f56bfc062723c751e8b465ee728b)  -> (artifact id: '2dce0c7994deb3951723f9d2baf31a9f') in 0.003371 seconds 
========================================================================
Received Import Request.
  Time since last request: 10.144476 seconds.
  path: Assets/Shaders/NewComputeShader.compute
  artifactKey: Guid(0f8d38e981097ee488c8e8478f8fd957) Importer(815301076,1909f56bfc062723c751e8b465ee728b)
Start importing Assets/Shaders/NewComputeShader.compute using Guid(0f8d38e981097ee488c8e8478f8fd957) Importer(815301076,1909f56bfc062723c751e8b465ee728b)  -> (artifact id: '2db8e38fca2e80982d3ef8260fac3c6e') in 0.008069 seconds 
========================================================================
Received Import Request.
  Time since last request: 77.767872 seconds.
  path: Packages/com.unity.render-pipelines.universal/Editor/Converter/PPv2/PPv2ToURPConvertersDefinition.asmdef
  artifactKey: Guid(3fa284cf2189b184e8d506b83da68377) Importer(815301076,1909f56bfc062723c751e8b465ee728b)
Start importing Packages/com.unity.render-pipelines.universal/Editor/Converter/PPv2/PPv2ToURPConvertersDefinition.asmdef using Guid(3fa284cf2189b184e8d506b83da68377) Importer(815301076,1909f56bfc062723c751e8b465ee728b)  -> (artifact id: '22ebd6765c4665892935ecd490bdd680') in 0.005825 seconds 
========================================================================
Received Import Request.
  Time since last request: 31.389578 seconds.
  path: Assets/Shaders/URP Data Asset.asset
  artifactKey: Guid(d50b437a691843344abc2345bedcf36c) Importer(815301076,1909f56bfc062723c751e8b465ee728b)
Start importing Assets/Shaders/URP Data Asset.asset using Guid(d50b437a691843344abc2345bedcf36c) Importer(815301076,1909f56bfc062723c751e8b465ee728b)  -> (artifact id: '77e0eaa1dae2899eb3fb005955158cf0') in 0.040025 seconds 
========================================================================
Received Import Request.
  Time since last request: 0.301417 seconds.
  path: Assets/Shaders/URP Data Asset_Renderer.asset
  artifactKey: Guid(b0e22cc835cd1ea4eaed7956fcd67258) Importer(815301076,1909f56bfc062723c751e8b465ee728b)
Start importing Assets/Shaders/URP Data Asset_Renderer.asset using Guid(b0e22cc835cd1ea4eaed7956fcd67258) Importer(815301076,1909f56bfc062723c751e8b465ee728b)  -> (artifact id: '2c9ac0ef9db53bdeb6566cb30139326f') in 0.023820 seconds 
========================================================================
Received Import Request.
  Time since last request: 22.966048 seconds.
  path: Assets/Shaders/Renderer
  artifactKey: Guid(6736a849c3f9e314fabf9ceedb95aea1) Importer(815301076,1909f56bfc062723c751e8b465ee728b)
Start importing Assets/Shaders/Renderer using Guid(6736a849c3f9e314fabf9ceedb95aea1) Importer(815301076,1909f56bfc062723c751e8b465ee728b)  -> (artifact id: '58349b2d95af517af07211dfb7e9ec6d') in 0.006352 seconds 
========================================================================
Received Import Request.
  Time since last request: 5.468004 seconds.
  path: Assets/Shaders/Renderer/URP Data Asset_Renderer.asset
  artifactKey: Guid(b0e22cc835cd1ea4eaed7956fcd67258) Importer(815301076,1909f56bfc062723c751e8b465ee728b)
Start importing Assets/Shaders/Renderer/URP Data Asset_Renderer.asset using Guid(b0e22cc835cd1ea4eaed7956fcd67258) Importer(815301076,1909f56bfc062723c751e8b465ee728b)  -> (artifact id: 'ac497f6829101e4c53eb87ce69a00a17') in 0.011175 seconds 
========================================================================
Received Prepare
Registering precompiled user dll's ...
Registered in 0.005034 seconds.
Begin MonoManager ReloadAssembly
Symbol file LoadedFromMemory doesn't match image C:\Users\melod\Desktop\A&M\EscapeLab\Library\PackageCache\com.unity.visualscripting@1.8.0\Editor\VisualScripting.Core\Dependencies\YamlDotNet\Unity.VisualScripting.YamlDotNet.dll
Symbol file LoadedFromMemory doesn't match image C:\Users\melod\Desktop\A&M\EscapeLab\Library\PackageCache\com.unity.visualscripting@1.8.0\Editor\VisualScripting.Core\Dependencies\DotNetZip\Unity.VisualScripting.IonicZip.dll
Native extension for WindowsStandalone target not found
Refreshing native plugins compatible for Editor in 0.88 ms, found 3 plugins.
Preloading 0 native plugins for Editor in 0.00 ms.
Mono: successfully reloaded assembly
- Completed reload, in  0.956 seconds
Domain Reload Profiling:
	ReloadAssembly (956ms)
		BeginReloadAssembly (143ms)
			ExecutionOrderSort (0ms)
			DisableScriptedObjects (5ms)
			BackupInstance (0ms)
			ReleaseScriptingObjects (0ms)
			CreateAndSetChildDomain (41ms)
		EndReloadAssembly (728ms)
			LoadAssemblies (94ms)
			RebuildTransferFunctionScriptingTraits (0ms)
			SetupTypeCache (249ms)
			ReleaseScriptCaches (2ms)
			RebuildScriptCaches (39ms)
			SetupLoadedEditorAssemblies (331ms)
				LogAssemblyErrors (0ms)
				InitializePlatformSupportModulesInManaged (4ms)
				SetLoadedEditorAssemblies (0ms)
				RefreshPlugins (1ms)
				BeforeProcessingInitializeOnLoad (72ms)
				ProcessInitializeOnLoadAttributes (186ms)
				ProcessInitializeOnLoadMethodAttributes (64ms)
				AfterProcessingInitializeOnLoad (2ms)
				EditorAssembliesLoaded (0ms)
			ExecutionOrderSort2 (0ms)
			AwakeInstancesAfterBackupRestoration (6ms)
Platform modules already initialized, skipping
Refreshing native plugins compatible for Editor in 2.47 ms, found 3 plugins.
Preloading 0 native plugins for Editor in 0.00 ms.
Unloading 4719 Unused Serialized files (Serialized files now loaded: 0)
Unloading 27 unused Assets / (0.8 MB). Loaded Objects now: 5256.
Memory consumption went from 187.1 MB to 186.4 MB.
Total: 3.336400 ms (FindLiveObjects: 0.392600 ms CreateObjectMapping: 0.118200 ms MarkObjects: 2.505600 ms  DeleteObjects: 0.319300 ms)

AssetImportParameters requested are different than current active one (requested -> active):
  custom:video-decoder-ogg-theora: a1e56fd34408186e4bbccfd4996cb3dc -> 
  custom:container-muxer-webm: aa71ff27fc2769a1b78a27578f13a17b -> 
  custom:container-demuxer-webm: 4f35f7cbe854078d1ac9338744f61a02 -> 
  custom:video-encoder-webm-vp8: eb34c28f22e8b96e1ab97ce403110664 -> 
  custom:audio-encoder-webm-vorbis: bf7c407c2cedff20999df2af8eb42d56 -> 
  custom:framework-win-MediaFoundation: 216162199b28c13a410421893ffa2e32 -> 
  custom:container-demuxer-ogg: 62fdf1f143b41e24485cea50d1cbac27 -> 
  custom:video-decoder-webm-vp8: 9c59270c3fd7afecdb556c50c9e8de78 -> 
  custom:audio-decoder-ogg-vorbis: bf7c407c2cedff20999df2af8eb42d56 -> 
========================================================================
Received Import Request.
  Time since last request: 175.164988 seconds.
  path: Assets/Shaders/Pixelize 1.shader
  artifactKey: Guid(d161a44b015851346ad1f1bf96329fe6) Importer(815301076,1909f56bfc062723c751e8b465ee728b)
Start importing Assets/Shaders/Pixelize 1.shader using Guid(d161a44b015851346ad1f1bf96329fe6) Importer(815301076,1909f56bfc062723c751e8b465ee728b)  -> (artifact id: '133369133838642b4e0b6a00a5b3d4eb') in 0.028609 seconds 
========================================================================
Received Import Request.
  Time since last request: 34.671387 seconds.
  path: Assets/Shaders/Pixelize 1.shader
  artifactKey: Guid(d161a44b015851346ad1f1bf96329fe6) Importer(815301076,1909f56bfc062723c751e8b465ee728b)
Start importing Assets/Shaders/Pixelize 1.shader using Guid(d161a44b015851346ad1f1bf96329fe6) Importer(815301076,1909f56bfc062723c751e8b465ee728b)  -> (artifact id: '6b7f54b5c47cde01b117694072bae2a6') in 0.003225 seconds 
========================================================================
Received Import Request.
  Time since last request: 10.720892 seconds.
  path: Assets/Shaders/Pixelize.shader
  artifactKey: Guid(d161a44b015851346ad1f1bf96329fe6) Importer(815301076,1909f56bfc062723c751e8b465ee728b)
Start importing Assets/Shaders/Pixelize.shader using Guid(d161a44b015851346ad1f1bf96329fe6) Importer(815301076,1909f56bfc062723c751e8b465ee728b)  -> (artifact id: '3dccb111c061070fcf2d2ddbe5b40696') in 0.006846 seconds 
========================================================================
Received Prepare
Registering precompiled user dll's ...
Registered in 0.004843 seconds.
Begin MonoManager ReloadAssembly
Symbol file LoadedFromMemory doesn't match image C:\Users\melod\Desktop\A&M\EscapeLab\Library\PackageCache\com.unity.visualscripting@1.8.0\Editor\VisualScripting.Core\Dependencies\YamlDotNet\Unity.VisualScripting.YamlDotNet.dll
Symbol file LoadedFromMemory doesn't match image C:\Users\melod\Desktop\A&M\EscapeLab\Library\PackageCache\com.unity.visualscripting@1.8.0\Editor\VisualScripting.Core\Dependencies\DotNetZip\Unity.VisualScripting.IonicZip.dll
Native extension for WindowsStandalone target not found
Refreshing native plugins compatible for Editor in 1.02 ms, found 3 plugins.
Preloading 0 native plugins for Editor in 0.00 ms.
Mono: successfully reloaded assembly
- Completed reload, in  1.072 seconds
Domain Reload Profiling:
	ReloadAssembly (1073ms)
		BeginReloadAssembly (126ms)
			ExecutionOrderSort (0ms)
			DisableScriptedObjects (5ms)
			BackupInstance (0ms)
			ReleaseScriptingObjects (0ms)
			CreateAndSetChildDomain (36ms)
		EndReloadAssembly (864ms)
			LoadAssemblies (85ms)
			RebuildTransferFunctionScriptingTraits (0ms)
			SetupTypeCache (286ms)
			ReleaseScriptCaches (2ms)
			RebuildScriptCaches (47ms)
			SetupLoadedEditorAssemblies (409ms)
				LogAssemblyErrors (0ms)
				InitializePlatformSupportModulesInManaged (4ms)
				SetLoadedEditorAssemblies (0ms)
				RefreshPlugins (1ms)
				BeforeProcessingInitializeOnLoad (86ms)
				ProcessInitializeOnLoadAttributes (223ms)
				ProcessInitializeOnLoadMethodAttributes (91ms)
				AfterProcessingInitializeOnLoad (4ms)
				EditorAssembliesLoaded (0ms)
			ExecutionOrderSort2 (0ms)
			AwakeInstancesAfterBackupRestoration (10ms)
Platform modules already initialized, skipping
Refreshing native plugins compatible for Editor in 2.22 ms, found 3 plugins.
Preloading 0 native plugins for Editor in 0.00 ms.
Unloading 4720 Unused Serialized files (Serialized files now loaded: 0)
Unloading 28 unused Assets / (0.8 MB). Loaded Objects now: 5259.
Memory consumption went from 187.3 MB to 186.5 MB.
Total: 4.342100 ms (FindLiveObjects: 0.407200 ms CreateObjectMapping: 0.124600 ms MarkObjects: 3.343700 ms  DeleteObjects: 0.464700 ms)

AssetImportParameters requested are different than current active one (requested -> active):
  custom:video-decoder-ogg-theora: a1e56fd34408186e4bbccfd4996cb3dc -> 
  custom:container-muxer-webm: aa71ff27fc2769a1b78a27578f13a17b -> 
  custom:container-demuxer-webm: 4f35f7cbe854078d1ac9338744f61a02 -> 
  custom:video-encoder-webm-vp8: eb34c28f22e8b96e1ab97ce403110664 -> 
  custom:audio-encoder-webm-vorbis: bf7c407c2cedff20999df2af8eb42d56 -> 
  custom:framework-win-MediaFoundation: 216162199b28c13a410421893ffa2e32 -> 
  custom:container-demuxer-ogg: 62fdf1f143b41e24485cea50d1cbac27 -> 
  custom:video-decoder-webm-vp8: 9c59270c3fd7afecdb556c50c9e8de78 -> 
  custom:audio-decoder-ogg-vorbis: bf7c407c2cedff20999df2af8eb42d56 -> 
========================================================================
Received Import Request.
  Time since last request: 231.650292 seconds.
  path: Assets/Scripts/PixelizePass.cs
  artifactKey: Guid(939d8d6ae5faa5e4e88b45b70bebecf3) Importer(815301076,1909f56bfc062723c751e8b465ee728b)
Start importing Assets/Scripts/PixelizePass.cs using Guid(939d8d6ae5faa5e4e88b45b70bebecf3) Importer(815301076,1909f56bfc062723c751e8b465ee728b)  -> (artifact id: '189c0699e0fd599c3f1720c9a5749c8a') in 0.012061 seconds 
========================================================================
Received Import Request.
  Time since last request: 1.109793 seconds.
  path: Assets/Scripts/PixelizeFeature.cs
  artifactKey: Guid(2137dd113865c1445920d07a786177c5) Importer(815301076,1909f56bfc062723c751e8b465ee728b)
Start importing Assets/Scripts/PixelizeFeature.cs using Guid(2137dd113865c1445920d07a786177c5) Importer(815301076,1909f56bfc062723c751e8b465ee728b)  -> (artifact id: '8fcb0f2b4b1603eb3779042e22e0f319') in 0.005761 seconds 
========================================================================
Received Prepare
Registering precompiled user dll's ...
Registered in 0.005128 seconds.
Begin MonoManager ReloadAssembly
Symbol file LoadedFromMemory doesn't match image C:\Users\melod\Desktop\A&M\EscapeLab\Library\PackageCache\com.unity.visualscripting@1.8.0\Editor\VisualScripting.Core\Dependencies\YamlDotNet\Unity.VisualScripting.YamlDotNet.dll
Symbol file LoadedFromMemory doesn't match image C:\Users\melod\Desktop\A&M\EscapeLab\Library\PackageCache\com.unity.visualscripting@1.8.0\Editor\VisualScripting.Core\Dependencies\DotNetZip\Unity.VisualScripting.IonicZip.dll
Native extension for WindowsStandalone target not found
Refreshing native plugins compatible for Editor in 1.29 ms, found 3 plugins.
Preloading 0 native plugins for Editor in 0.00 ms.
Mono: successfully reloaded assembly
- Completed reload, in  1.038 seconds
Domain Reload Profiling:
	ReloadAssembly (1039ms)
		BeginReloadAssembly (131ms)
			ExecutionOrderSort (0ms)
			DisableScriptedObjects (8ms)
			BackupInstance (0ms)
			ReleaseScriptingObjects (0ms)
			CreateAndSetChildDomain (36ms)
		EndReloadAssembly (827ms)
			LoadAssemblies (85ms)
			RebuildTransferFunctionScriptingTraits (0ms)
			SetupTypeCache (274ms)
			ReleaseScriptCaches (2ms)
			RebuildScriptCaches (51ms)
			SetupLoadedEditorAssemblies (384ms)
				LogAssemblyErrors (0ms)
				InitializePlatformSupportModulesInManaged (5ms)
				SetLoadedEditorAssemblies (1ms)
				RefreshPlugins (1ms)
				BeforeProcessingInitializeOnLoad (84ms)
				ProcessInitializeOnLoadAttributes (218ms)
				ProcessInitializeOnLoadMethodAttributes (73ms)
				AfterProcessingInitializeOnLoad (3ms)
				EditorAssembliesLoaded (0ms)
			ExecutionOrderSort2 (0ms)
			AwakeInstancesAfterBackupRestoration (7ms)
Platform modules already initialized, skipping
Refreshing native plugins compatible for Editor in 2.56 ms, found 3 plugins.
Preloading 0 native plugins for Editor in 0.00 ms.
Unloading 4720 Unused Serialized files (Serialized files now loaded: 0)
Unloading 28 unused Assets / (0.8 MB). Loaded Objects now: 5262.
Memory consumption went from 187.3 MB to 186.5 MB.
Total: 3.649400 ms (FindLiveObjects: 0.473300 ms CreateObjectMapping: 0.127600 ms MarkObjects: 2.616300 ms  DeleteObjects: 0.430900 ms)

AssetImportParameters requested are different than current active one (requested -> active):
  custom:video-decoder-ogg-theora: a1e56fd34408186e4bbccfd4996cb3dc -> 
  custom:container-muxer-webm: aa71ff27fc2769a1b78a27578f13a17b -> 
  custom:container-demuxer-webm: 4f35f7cbe854078d1ac9338744f61a02 -> 
  custom:video-encoder-webm-vp8: eb34c28f22e8b96e1ab97ce403110664 -> 
  custom:audio-encoder-webm-vorbis: bf7c407c2cedff20999df2af8eb42d56 -> 
  custom:framework-win-MediaFoundation: 216162199b28c13a410421893ffa2e32 -> 
  custom:container-demuxer-ogg: 62fdf1f143b41e24485cea50d1cbac27 -> 
  custom:video-decoder-webm-vp8: 9c59270c3fd7afecdb556c50c9e8de78 -> 
  custom:audio-decoder-ogg-vorbis: bf7c407c2cedff20999df2af8eb42d56 -> 
========================================================================
Received Import Request.
  Time since last request: 192.519912 seconds.
  path: Assets/Shaders/Renderer/URP Renderer.asset
  artifactKey: Guid(1a17967f86dffb147b625a7acc93fb1c) Importer(815301076,1909f56bfc062723c751e8b465ee728b)
Start importing Assets/Shaders/Renderer/URP Renderer.asset using Guid(1a17967f86dffb147b625a7acc93fb1c) Importer(815301076,1909f56bfc062723c751e8b465ee728b)  -> (artifact id: 'c402bf413cf652062b0eddce15031fb5') in 0.052104 seconds 
========================================================================
Received Import Request.
  Time since last request: 18.853305 seconds.
  path: Assets/Shaders/Renderer/URP Renderer_Renderer.asset
  artifactKey: Guid(3d9ea39cba244024da3a14863da5e403) Importer(815301076,1909f56bfc062723c751e8b465ee728b)
Start importing Assets/Shaders/Renderer/URP Renderer_Renderer.asset using Guid(3d9ea39cba244024da3a14863da5e403) Importer(815301076,1909f56bfc062723c751e8b465ee728b)  -> (artifact id: '451802c76a9b6e522609af3f3b945e1b') in 0.022430 seconds 
========================================================================
Received Import Request.
  Time since last request: 42.238600 seconds.
  path: Assets/Shaders/Renderer/URP Renderer_Renderer.asset
  artifactKey: Guid(3d9ea39cba244024da3a14863da5e403) Importer(815301076,1909f56bfc062723c751e8b465ee728b)
Start importing Assets/Shaders/Renderer/URP Renderer_Renderer.asset using Guid(3d9ea39cba244024da3a14863da5e403) Importer(815301076,1909f56bfc062723c751e8b465ee728b)  -> (artifact id: 'a95c771dafa9fbd5b2dde36b0d9285e4') in 0.021966 seconds 
========================================================================
Received Import Request.
  Time since last request: 4.361606 seconds.
  path: Assets/UniversalRenderPipelineGlobalSettings.asset
  artifactKey: Guid(d093cdbf2cba5be48a9dd7fb0a1f69cf) Importer(815301076,1909f56bfc062723c751e8b465ee728b)
Start importing Assets/UniversalRenderPipelineGlobalSettings.asset using Guid(d093cdbf2cba5be48a9dd7fb0a1f69cf) Importer(815301076,1909f56bfc062723c751e8b465ee728b)  -> (artifact id: '453aec7bcec0d1780e8b89cf5a8d542c') in 0.008170 seconds 
========================================================================
Received Import Request.
  Time since last request: 114.622644 seconds.
  path: Assets/Shaders/Pixelize.shader
  artifactKey: Guid(d161a44b015851346ad1f1bf96329fe6) Importer(815301076,1909f56bfc062723c751e8b465ee728b)
Start importing Assets/Shaders/Pixelize.shader using Guid(d161a44b015851346ad1f1bf96329fe6) Importer(815301076,1909f56bfc062723c751e8b465ee728b)  -> (artifact id: 'a6d4fc159ff4f21987a6607c5ca32b2f') in 0.003077 seconds 
========================================================================
Received Import Request.
  Time since last request: 154.880038 seconds.
  path: Assets/Scripts/PixelizePass.cs
  artifactKey: Guid(939d8d6ae5faa5e4e88b45b70bebecf3) Importer(815301076,1909f56bfc062723c751e8b465ee728b)
Start importing Assets/Scripts/PixelizePass.cs using Guid(939d8d6ae5faa5e4e88b45b70bebecf3) Importer(815301076,1909f56bfc062723c751e8b465ee728b)  -> (artifact id: 'ec1590ad4d7c5c87eb4ae55be5255c8a') in 0.002134 seconds 
========================================================================
Received Prepare
Registering precompiled user dll's ...
Registered in 0.004770 seconds.
Begin MonoManager ReloadAssembly
Symbol file LoadedFromMemory doesn't match image C:\Users\melod\Desktop\A&M\EscapeLab\Library\PackageCache\com.unity.visualscripting@1.8.0\Editor\VisualScripting.Core\Dependencies\YamlDotNet\Unity.VisualScripting.YamlDotNet.dll
Symbol file LoadedFromMemory doesn't match image C:\Users\melod\Desktop\A&M\EscapeLab\Library\PackageCache\com.unity.visualscripting@1.8.0\Editor\VisualScripting.Core\Dependencies\DotNetZip\Unity.VisualScripting.IonicZip.dll
Native extension for WindowsStandalone target not found
Refreshing native plugins compatible for Editor in 0.94 ms, found 3 plugins.
Preloading 0 native plugins for Editor in 0.00 ms.
Mono: successfully reloaded assembly
- Completed reload, in  0.980 seconds
Domain Reload Profiling:
	ReloadAssembly (981ms)
		BeginReloadAssembly (128ms)
			ExecutionOrderSort (0ms)
			DisableScriptedObjects (4ms)
			BackupInstance (0ms)
			ReleaseScriptingObjects (0ms)
			CreateAndSetChildDomain (37ms)
		EndReloadAssembly (768ms)
			LoadAssemblies (99ms)
			RebuildTransferFunctionScriptingTraits (0ms)
			SetupTypeCache (271ms)
			ReleaseScriptCaches (2ms)
			RebuildScriptCaches (39ms)
			SetupLoadedEditorAssemblies (339ms)
				LogAssemblyErrors (0ms)
				InitializePlatformSupportModulesInManaged (4ms)
				SetLoadedEditorAssemblies (0ms)
				RefreshPlugins (1ms)
				BeforeProcessingInitializeOnLoad (80ms)
				ProcessInitializeOnLoadAttributes (188ms)
				ProcessInitializeOnLoadMethodAttributes (64ms)
				AfterProcessingInitializeOnLoad (2ms)
				EditorAssembliesLoaded (0ms)
			ExecutionOrderSort2 (0ms)
			AwakeInstancesAfterBackupRestoration (6ms)
Platform modules already initialized, skipping
Refreshing native plugins compatible for Editor in 2.09 ms, found 3 plugins.
Preloading 0 native plugins for Editor in 0.00 ms.
Unloading 4720 Unused Serialized files (Serialized files now loaded: 0)
Unloading 27 unused Assets / (0.8 MB). Loaded Objects now: 5268.
Memory consumption went from 187.3 MB to 186.5 MB.
Total: 3.413800 ms (FindLiveObjects: 0.430700 ms CreateObjectMapping: 0.122500 ms MarkObjects: 2.496500 ms  DeleteObjects: 0.363300 ms)

AssetImportParameters requested are different than current active one (requested -> active):
  custom:video-decoder-ogg-theora: a1e56fd34408186e4bbccfd4996cb3dc -> 
  custom:container-muxer-webm: aa71ff27fc2769a1b78a27578f13a17b -> 
  custom:container-demuxer-webm: 4f35f7cbe854078d1ac9338744f61a02 -> 
  custom:video-encoder-webm-vp8: eb34c28f22e8b96e1ab97ce403110664 -> 
  custom:audio-encoder-webm-vorbis: bf7c407c2cedff20999df2af8eb42d56 -> 
  custom:framework-win-MediaFoundation: 216162199b28c13a410421893ffa2e32 -> 
  custom:container-demuxer-ogg: 62fdf1f143b41e24485cea50d1cbac27 -> 
  custom:video-decoder-webm-vp8: 9c59270c3fd7afecdb556c50c9e8de78 -> 
  custom:audio-decoder-ogg-vorbis: bf7c407c2cedff20999df2af8eb42d56 -> 
========================================================================
Received Prepare
Registering precompiled user dll's ...
Registered in 0.006136 seconds.
Begin MonoManager ReloadAssembly
Symbol file LoadedFromMemory doesn't match image C:\Users\melod\Desktop\A&M\EscapeLab\Library\PackageCache\com.unity.visualscripting@1.8.0\Editor\VisualScripting.Core\Dependencies\YamlDotNet\Unity.VisualScripting.YamlDotNet.dll
Symbol file LoadedFromMemory doesn't match image C:\Users\melod\Desktop\A&M\EscapeLab\Library\PackageCache\com.unity.visualscripting@1.8.0\Editor\VisualScripting.Core\Dependencies\DotNetZip\Unity.VisualScripting.IonicZip.dll
Native extension for WindowsStandalone target not found
Refreshing native plugins compatible for Editor in 0.99 ms, found 3 plugins.
Preloading 0 native plugins for Editor in 0.00 ms.
Mono: successfully reloaded assembly
- Completed reload, in  0.965 seconds
Domain Reload Profiling:
	ReloadAssembly (966ms)
		BeginReloadAssembly (133ms)
			ExecutionOrderSort (0ms)
			DisableScriptedObjects (8ms)
			BackupInstance (0ms)
			ReleaseScriptingObjects (0ms)
			CreateAndSetChildDomain (39ms)
		EndReloadAssembly (754ms)
			LoadAssemblies (74ms)
			RebuildTransferFunctionScriptingTraits (0ms)
			SetupTypeCache (254ms)
			ReleaseScriptCaches (2ms)
			RebuildScriptCaches (42ms)
			SetupLoadedEditorAssemblies (353ms)
				LogAssemblyErrors (0ms)
				InitializePlatformSupportModulesInManaged (4ms)
				SetLoadedEditorAssemblies (0ms)
				RefreshPlugins (1ms)
				BeforeProcessingInitializeOnLoad (73ms)
				ProcessInitializeOnLoadAttributes (202ms)
				ProcessInitializeOnLoadMethodAttributes (70ms)
				AfterProcessingInitializeOnLoad (3ms)
				EditorAssembliesLoaded (0ms)
			ExecutionOrderSort2 (0ms)
			AwakeInstancesAfterBackupRestoration (7ms)
Platform modules already initialized, skipping
Switching render pipeline 00000000000000000000000000000000 -> 1a17967f86dffb147b625a7acc93fb1c
Refreshing native plugins compatible for Editor in 2.16 ms, found 3 plugins.
Preloading 0 native plugins for Editor in 0.00 ms.
Unloading 4767 Unused Serialized files (Serialized files now loaded: 0)
Unloading 27 unused Assets / (0.8 MB). Loaded Objects now: 5322.
Memory consumption went from 191.5 MB to 190.7 MB.
Total: 3.557600 ms (FindLiveObjects: 0.424900 ms CreateObjectMapping: 0.126100 ms MarkObjects: 2.648100 ms  DeleteObjects: 0.357700 ms)

AssetImportParameters requested are different than current active one (requested -> active):
  custom:video-decoder-ogg-theora: a1e56fd34408186e4bbccfd4996cb3dc -> 
  custom:container-muxer-webm: aa71ff27fc2769a1b78a27578f13a17b -> 
  custom:container-demuxer-webm: 4f35f7cbe854078d1ac9338744f61a02 -> 
  custom:video-encoder-webm-vp8: eb34c28f22e8b96e1ab97ce403110664 -> 
  custom:audio-encoder-webm-vorbis: bf7c407c2cedff20999df2af8eb42d56 -> 
  custom:framework-win-MediaFoundation: 216162199b28c13a410421893ffa2e32 -> 
  custom:container-demuxer-ogg: 62fdf1f143b41e24485cea50d1cbac27 -> 
  custom:video-decoder-webm-vp8: 9c59270c3fd7afecdb556c50c9e8de78 -> 
  custom:audio-decoder-ogg-vorbis: bf7c407c2cedff20999df2af8eb42d56 -> 
========================================================================
Received Import Request.
  Time since last request: 191.883004 seconds.
  path: Assets/Shaders/Renderer/URP Renderer.asset
  artifactKey: Guid(1a17967f86dffb147b625a7acc93fb1c) Importer(815301076,1909f56bfc062723c751e8b465ee728b)
Start importing Assets/Shaders/Renderer/URP Renderer.asset using Guid(1a17967f86dffb147b625a7acc93fb1c) Importer(815301076,1909f56bfc062723c751e8b465ee728b)  -> (artifact id: '8f5670e82f9309bccc4c2d60c0512589') in 0.026999 seconds 
